<?xml version="1.0" encoding="UTF-8"?>
<!-- Generated by org.testng.reporters.JUnitReportReporter -->
<testsuite hostname="DESKTOP-CJB6RNK" failures="0" tests="3" name="test.CureFitTests" time="41.989" errors="1" timestamp="2022-01-29T08:16:09 PST" skipped="0">
  <testcase classname="test.CureFitTests" name="Challenge6" time="9.879"/>
  <system-out>
    <![CDATA[batteryinfo=[[power], [97]]
cpuinfo=[[user, kernel], [0, 0]]
memoryinfo=[[totalPrivateDirty, nativePrivateDirty, dalvikPrivateDirty, eglPrivateDirty, glPrivateDirty, totalPss, nativePss, dalvikPss, eglPss, glPss, nativeHeapAllocatedSize, nativeHeapSize], [156716, 39420, 4368, 24660, 4292, 180402, 39463, 4390, 24660, 4292, 42067, 47104]]
networkinfo=[[st, activeTime, rb, rp, tb, tp, op, bucketDuration], [1643468400, null, 64, 2, 0, 0, 0, 3600], [NetworkStatsHistory: bucketDuration=, null, 64, 2, 0, 0, 0, 3600], [1643468400, null, 3319543, 4888, 1390452, 4711, 0, 3600], [1643472000, null, 17608650, 16697, 1977352, 9917, 0, 3600]]]]>
  </system-out>
  <testcase classname="test.CureFitTests" name="Challenge5" time="15.718">
    <error message="Tap at [x=-112.5, y=1192.5] has failed
Build info: version: &#039;3.141.59&#039;, revision: &#039;e82be7d358&#039;, time: &#039;2018-11-14T08:17:03&#039;
System info: host: &#039;DESKTOP-CJB6RNK&#039;, ip: &#039;192.168.1.124&#039;, os.name: &#039;Windows 10&#039;, os.arch: &#039;amd64&#039;, os.version: &#039;10.0&#039;, java.version: &#039;14.0.2&#039;
Driver info: io.appium.java_client.android.AndroidDriver
Capabilities {appActivity: curefit.me.MainActivity, appPackage: curefit.me, autoAcceptAlerts: true, chromedriverExecutable: C:\Users\natan\edureka\appi..., databaseEnabled: false, desired: {appActivity: curefit.me.MainActivity, appPackage: curefit.me, autoAcceptAlerts: true, chromedriverExecutable: C:\Users\natan\edureka\appi..., deviceName: 7f6dc907, platformName: android, platformVersion: 9}, deviceApiLevel: 28, deviceManufacturer: OnePlus, deviceModel: ONEPLUS A3003, deviceName: 7f6dc907, deviceScreenDensity: 420, deviceScreenSize: 1080x1920, deviceUDID: 7f6dc907, javascriptEnabled: true, locationContextEnabled: false, networkConnectionEnabled: true, pixelRatio: 2.625, platform: LINUX, platformName: ANDROID, platformVersion: 9, statBarHeight: 63, takesScreenshot: true, viewportRect: {height: 1857, left: 0, top: 63, width: 1080}, warnings: {}, webStorageEnabled: false}
Session ID: e80eb7d5-7ee1-4d95-b451-0024e5093012" type="org.openqa.selenium.InvalidElementStateException">
      <![CDATA[org.openqa.selenium.InvalidElementStateException: Tap at [x=-112.5, y=1192.5] has failed
Build info: version: '3.141.59', revision: 'e82be7d358', time: '2018-11-14T08:17:03'
System info: host: 'DESKTOP-CJB6RNK', ip: '192.168.1.124', os.name: 'Windows 10', os.arch: 'amd64', os.version: '10.0', java.version: '14.0.2'
Driver info: io.appium.java_client.android.AndroidDriver
Capabilities {appActivity: curefit.me.MainActivity, appPackage: curefit.me, autoAcceptAlerts: true, chromedriverExecutable: C:\Users\natan\edureka\appi..., databaseEnabled: false, desired: {appActivity: curefit.me.MainActivity, appPackage: curefit.me, autoAcceptAlerts: true, chromedriverExecutable: C:\Users\natan\edureka\appi..., deviceName: 7f6dc907, platformName: android, platformVersion: 9}, deviceApiLevel: 28, deviceManufacturer: OnePlus, deviceModel: ONEPLUS A3003, deviceName: 7f6dc907, deviceScreenDensity: 420, deviceScreenSize: 1080x1920, deviceUDID: 7f6dc907, javascriptEnabled: true, locationContextEnabled: false, networkConnectionEnabled: true, pixelRatio: 2.625, platform: LINUX, platformName: ANDROID, platformVersion: 9, statBarHeight: 63, takesScreenshot: true, viewportRect: {height: 1857, left: 0, top: 63, width: 1080}, warnings: {}, webStorageEnabled: false}
Session ID: e80eb7d5-7ee1-4d95-b451-0024e5093012
at java.base/jdk.internal.reflect.NativeConstructorAccessorImpl.newInstance0(Native Method)
at java.base/jdk.internal.reflect.NativeConstructorAccessorImpl.newInstance(NativeConstructorAccessorImpl.java:62)
at java.base/jdk.internal.reflect.DelegatingConstructorAccessorImpl.newInstance(DelegatingConstructorAccessorImpl.java:45)
at java.base/java.lang.reflect.Constructor.newInstanceWithCaller(Constructor.java:500)
at java.base/java.lang.reflect.Constructor.newInstance(Constructor.java:481)
at org.openqa.selenium.remote.http.W3CHttpResponseCodec.createException(W3CHttpResponseCodec.java:187)
at org.openqa.selenium.remote.http.W3CHttpResponseCodec.decode(W3CHttpResponseCodec.java:122)
at org.openqa.selenium.remote.http.W3CHttpResponseCodec.decode(W3CHttpResponseCodec.java:49)
at org.openqa.selenium.remote.HttpCommandExecutor.execute(HttpCommandExecutor.java:158)
at io.appium.java_client.remote.AppiumCommandExecutor.execute(AppiumCommandExecutor.java:247)
at org.openqa.selenium.remote.RemoteWebDriver.execute(RemoteWebDriver.java:552)
at io.appium.java_client.DefaultGenericMobileDriver.execute(DefaultGenericMobileDriver.java:41)
at io.appium.java_client.AppiumDriver.execute(AppiumDriver.java:1)
at io.appium.java_client.android.AndroidDriver.execute(AndroidDriver.java:1)
at io.appium.java_client.PerformsTouchActions.performTouchAction(PerformsTouchActions.java:41)
at io.appium.java_client.TouchAction.perform(TouchAction.java:187)
at utility.Utility.tapOnElement(Utility.java:74)
at pom.CureFitProfilePage.tapOnBlogSubMenu(CureFitProfilePage.java:37)
at test.CureFitTests.Challenge5(CureFitTests.java:64)
at java.base/jdk.internal.reflect.NativeMethodAccessorImpl.invoke0(Native Method)
at java.base/jdk.internal.reflect.NativeMethodAccessorImpl.invoke(NativeMethodAccessorImpl.java:62)
at java.base/jdk.internal.reflect.DelegatingMethodAccessorImpl.invoke(DelegatingMethodAccessorImpl.java:43)
at java.base/java.lang.reflect.Method.invoke(Method.java:564)
at org.testng.internal.MethodInvocationHelper.invokeMethod(MethodInvocationHelper.java:133)
at org.testng.internal.TestInvoker.invokeMethod(TestInvoker.java:598)
at org.testng.internal.TestInvoker.invokeTestMethod(TestInvoker.java:173)
at org.testng.internal.MethodRunner.runInSequence(MethodRunner.java:46)
at org.testng.internal.TestInvoker$MethodInvocationAgent.invoke(TestInvoker.java:824)
at org.testng.internal.TestInvoker.invokeTestMethods(TestInvoker.java:146)
at org.testng.internal.TestMethodWorker.invokeTestMethods(TestMethodWorker.java:146)
at org.testng.internal.TestMethodWorker.run(TestMethodWorker.java:128)
at java.base/java.util.ArrayList.forEach(ArrayList.java:1511)
at org.testng.TestRunner.privateRun(TestRunner.java:794)
at org.testng.TestRunner.run(TestRunner.java:596)
at org.testng.SuiteRunner.runTest(SuiteRunner.java:377)
at org.testng.SuiteRunner.runSequentially(SuiteRunner.java:371)
at org.testng.SuiteRunner.privateRun(SuiteRunner.java:332)
at org.testng.SuiteRunner.run(SuiteRunner.java:276)
at org.testng.SuiteRunnerWorker.runSuite(SuiteRunnerWorker.java:53)
at org.testng.SuiteRunnerWorker.run(SuiteRunnerWorker.java:96)
at org.testng.TestNG.runSuitesSequentially(TestNG.java:1212)
at org.testng.TestNG.runSuitesLocally(TestNG.java:1134)
at org.testng.TestNG.runSuites(TestNG.java:1063)
at org.testng.TestNG.run(TestNG.java:1031)
at org.testng.remote.AbstractRemoteTestNG.run(AbstractRemoteTestNG.java:115)
at org.testng.remote.RemoteTestNG.initAndRun(RemoteTestNG.java:251)
at org.testng.remote.RemoteTestNG.main(RemoteTestNG.java:77)
]]>
    </error>
  </testcase> <!-- Challenge5 -->
  <system-out/>
  <testcase classname="test.CureFitTests" name="Challenge4" time="16.392"/>
  <system-out>
    <![CDATA[appState=RUNNING_IN_FOREGROUND]]>
  </system-out>
</testsuite> <!-- test.CureFitTests -->
